<?xml version="1.0" encoding="utf-8"?><testsuites name="pytest tests"><testsuite name="pytest" errors="0" failures="0" skipped="0" tests="3" time="138.601" timestamp="2026-07-28T09:13:59.330069+00:00" hostname="agent-env-11f1c6f8-fe9c-4b8b-91eb-18c550eabc17"><testcase classname="tests.backend_test" name="test_upload_status_unknown_job" time="0.239" /><testcase classname="tests.backend_test" name="test_upload_rejects_non_pdf" time="0.075" /><testcase classname="tests.backend_test" name="test_real_pdf_async_job_completes_and_persists_entries" time="137.536" /></testsuite></testsuites>